-------------------------------------------------------------------------------
Test set: agricultural.shopweb.ShopWebApplicationTests
-------------------------------------------------------------------------------
Tests run: 1, Failures: 0, Errors: 1, Skipped: 0, Time elapsed: 0.182 s <<< FAILURE! - in agricultural.shopweb.ShopWebApplicationTests
agricultural.shopweb.ShopWebApplicationTests  Time elapsed: 0.181 s  <<< ERROR!
java.lang.IllegalStateException: Unable to find a @SpringBootConfiguration, you need to use @ContextConfiguration or @SpringBootTest(classes=...) with your test

